# JRE version: OpenJDK Runtime Environment (8.0_112-b06) (build 1.8.0_112-release-b06)
# Java VM: OpenJDK 64-Bit Server VM (25.112-b06 mixed mode windows-amd64 compressed oops)
Heap:
 PSYoungGen      total 81920K, used 30380K [0x00000000e0000000, 0x00000000e6b00000, 0x0000000100000000)
  eden space 72192K, 28% used [0x00000000e0000000,0x00000000e142e3f0,0x00000000e4680000)
  from space 9728K, 99% used [0x00000000e4680000,0x00000000e4ffced8,0x00000000e5000000)
  to   space 11264K, 0% used [0x00000000e6000000,0x00000000e6000000,0x00000000e6b00000)
 ParOldGen       total 65024K, used 18221K [0x00000000a0000000, 0x00000000a3f80000, 0x00000000e0000000)
  object space 65024K, 28% used [0x00000000a0000000,0x00000000a11cb528,0x00000000a3f80000)
 Metaspace       used 44072K, capacity 45214K, committed 45440K, reserved 1089536K
  class space    used 5907K, capacity 6167K, committed 6272K, reserved 1048576K
GC Heap History (10 events):
Event: 5.164 GC heap before
{Heap before GC invocations=11 (full 1):
 PSYoungGen      total 62464K, used 62054K [0x00000000e0000000, 0x00000000e4700000, 0x0000000100000000)
  eden space 54784K, 100% used [0x00000000e0000000,0x00000000e3580000,0x00000000e3580000)
  from space 7680K, 94% used [0x00000000e3b00000,0x00000000e4219a20,0x00000000e4280000)
  to   space 4608K, 0% used [0x00000000e4280000,0x00000000e4280000,0x00000000e4700000)
 ParOldGen       total 39424K, used 9470K [0x00000000a0000000, 0x00000000a2680000, 0x00000000e0000000)
  object space 39424K, 24% used [0x00000000a0000000,0x00000000a093f840,0x00000000a2680000)
 Metaspace       used 29821K, capacity 30420K, committed 30720K, reserved 1075200K
  class space    used 4063K, capacity 4246K, committed 4352K, reserved 1048576K
Event: 5.173 GC heap after
Heap after GC invocations=11 (full 1):
 PSYoungGen      total 64000K, used 4596K [0x00000000e0000000, 0x00000000e5200000, 0x0000000100000000)
  eden space 59392K, 0% used [0x00000000e0000000,0x00000000e0000000,0x00000000e3a00000)
  from space 4608K, 99% used [0x00000000e4280000,0x00000000e46fd040,0x00000000e4700000)
  to   space 8704K, 0% used [0x00000000e3a00000,0x00000000e3a00000,0x00000000e4280000)
 ParOldGen       total 39424K, used 11281K [0x00000000a0000000, 0x00000000a2680000, 0x00000000e0000000)
  object space 39424K, 28% used [0x00000000a0000000,0x00000000a0b04450,0x00000000a2680000)
 Metaspace       used 29821K, capacity 30420K, committed 30720K, reserved 1075200K
  class space    used 4063K, capacity 4246K, committed 4352K, reserved 1048576K
}
Event: 6.276 GC heap before
{Heap before GC invocations=12 (full 1):
 PSYoungGen      total 64000K, used 46327K [0x00000000e0000000, 0x00000000e5200000, 0x0000000100000000)
  eden space 59392K, 70% used [0x00000000e0000000,0x00000000e28c0e90,0x00000000e3a00000)
  from space 4608K, 99% used [0x00000000e4280000,0x00000000e46fd040,0x00000000e4700000)
  to   space 8704K, 0% used [0x00000000e3a00000,0x00000000e3a00000,0x00000000e4280000)
 ParOldGen       total 39424K, used 11281K [0x00000000a0000000, 0x00000000a2680000, 0x00000000e0000000)
  object space 39424K, 28% used [0x00000000a0000000,0x00000000a0b04450,0x00000000a2680000)
 Metaspace       used 34491K, capacity 35344K, committed 35496K, reserved 1079296K
  class space    used 4643K, capacity 4849K, committed 4864K, reserved 1048576K
Event: 6.287 GC heap after
Heap after GC invocations=12 (full 1):
 PSYoungGen      total 68096K, used 8672K [0x00000000e0000000, 0x00000000e5a00000, 0x0000000100000000)
  eden space 59392K, 0% used [0x00000000e0000000,0x00000000e0000000,0x00000000e3a00000)
  from space 8704K, 99% used [0x00000000e3a00000,0x00000000e4278110,0x00000000e4280000)
  to   space 10240K, 0% used [0x00000000e5000000,0x00000000e5000000,0x00000000e5a00000)
 ParOldGen       total 39424K, used 12884K [0x00000000a0000000, 0x00000000a2680000, 0x00000000e0000000)
  object space 39424K, 32% used [0x00000000a0000000,0x00000000a0c952a0,0x00000000a2680000)
 Metaspace       used 34491K, capacity 35344K, committed 35496K, reserved 1079296K
  class space    used 4643K, capacity 4849K, committed 4864K, reserved 1048576K
}
Event: 6.287 GC heap before
{Heap before GC invocations=13 (full 2):
 PSYoungGen      total 68096K, used 8672K [0x00000000e0000000, 0x00000000e5a00000, 0x0000000100000000)
  eden space 59392K, 0% used [0x00000000e0000000,0x00000000e0000000,0x00000000e3a00000)
  from space 8704K, 99% used [0x00000000e3a00000,0x00000000e4278110,0x00000000e4280000)
  to   space 10240K, 0% used [0x00000000e5000000,0x00000000e5000000,0x00000000e5a00000)
 ParOldGen       total 39424K, used 12884K [0x00000000a0000000, 0x00000000a2680000, 0x00000000e0000000)
  object space 39424K, 32% used [0x00000000a0000000,0x00000000a0c952a0,0x00000000a2680000)
 Metaspace       used 34491K, capacity 35344K, committed 35496K, reserved 1079296K
  class space    used 4643K, capacity 4849K, committed 4864K, reserved 1048576K
Event: 6.365 GC heap after
Heap after GC invocations=13 (full 2):
 PSYoungGen      total 68096K, used 0K [0x00000000e0000000, 0x00000000e5a00000, 0x0000000100000000)
  eden space 59392K, 0% used [0x00000000e0000000,0x00000000e0000000,0x00000000e3a00000)
  from space 8704K, 0% used [0x00000000e3a00000,0x00000000e3a00000,0x00000000e4280000)
  to   space 10240K, 0% used [0x00000000e5000000,0x00000000e5000000,0x00000000e5a00000)
 ParOldGen       total 65024K, used 17397K [0x00000000a0000000, 0x00000000a3f80000, 0x00000000e0000000)
  object space 65024K, 26% used [0x00000000a0000000,0x00000000a10fd600,0x00000000a3f80000)
 Metaspace       used 34491K, capacity 35344K, committed 35496K, reserved 1079296K
  class space    used 4643K, capacity 4849K, committed 4864K, reserved 1048576K
}
Event: 6.892 GC heap before
{Heap before GC invocations=14 (full 2):
 PSYoungGen      total 68096K, used 59392K [0x00000000e0000000, 0x00000000e5a00000, 0x0000000100000000)
  eden space 59392K, 100% used [0x00000000e0000000,0x00000000e3a00000,0x00000000e3a00000)
  from space 8704K, 0% used [0x00000000e3a00000,0x00000000e3a00000,0x00000000e4280000)
  to   space 10240K, 0% used [0x00000000e5000000,0x00000000e5000000,0x00000000e5a00000)
 ParOldGen       total 65024K, used 17397K [0x00000000a0000000, 0x00000000a3f80000, 0x00000000e0000000)
  object space 65024K, 26% used [0x00000000a0000000,0x00000000a10fd600,0x00000000a3f80000)
 Metaspace       used 37396K, capacity 38218K, committed 38528K, reserved 1083392K
  class space    used 4988K, capacity 5218K, committed 5248K, reserved 1048576K
Event: 6.900 GC heap after
Heap after GC invocations=14 (full 2):
 PSYoungGen      total 81920K, used 5920K [0x00000000e0000000, 0x00000000e5980000, 0x0000000100000000)
  eden space 72192K, 0% used [0x00000000e0000000,0x00000000e0000000,0x00000000e4680000)
  from space 9728K, 60% used [0x00000000e5000000,0x00000000e55c83b8,0x00000000e5980000)
  to   space 9728K, 0% used [0x00000000e4680000,0x00000000e4680000,0x00000000e5000000)
 ParOldGen       total 65024K, used 17405K [0x00000000a0000000, 0x00000000a3f80000, 0x00000000e0000000)
  object space 65024K, 26% used [0x00000000a0000000,0x00000000a10ff600,0x00000000a3f80000)
 Metaspace       used 37396K, capacity 38218K, committed 38528K, reserved 1083392K
  class space    used 4988K, capacity 5218K, committed 5248K, reserved 1048576K
}
Event: 7.837 GC heap before
{Heap before GC invocations=15 (full 2):
 PSYoungGen      total 81920K, used 78112K [0x00000000e0000000, 0x00000000e5980000, 0x0000000100000000)
  eden space 72192K, 100% used [0x00000000e0000000,0x00000000e4680000,0x00000000e4680000)
  from space 9728K, 60% used [0x00000000e5000000,0x00000000e55c83b8,0x00000000e5980000)
  to   space 9728K, 0% used [0x00000000e4680000,0x00000000e4680000,0x00000000e5000000)
 ParOldGen       total 65024K, used 17405K [0x00000000a0000000, 0x00000000a3f80000, 0x00000000e0000000)
  object space 65024K, 26% used [0x00000000a0000000,0x00000000a10ff600,0x00000000a3f80000)
 Metaspace       used 43007K, capacity 43976K, committed 44160K, reserved 1087488K
  class space    used 5774K, capacity 5992K, committed 6016K, reserved 1048576K
Event: 7.846 GC heap after
Heap after GC invocations=15 (full 2):
 PSYoungGen      total 81920K, used 9715K [0x00000000e0000000, 0x00000000e6b00000, 0x0000000100000000)
  eden space 72192K, 0% used [0x00000000e0000000,0x00000000e0000000,0x00000000e4680000)
  from space 9728K, 99% used [0x00000000e4680000,0x00000000e4ffced8,0x00000000e5000000)
  to   space 11264K, 0% used [0x00000000e6000000,0x00000000e6000000,0x00000000e6b00000)
 ParOldGen       total 65024K, used 18221K [0x00000000a0000000, 0x00000000a3f80000, 0x00000000e0000000)
  object space 65024K, 28% used [0x00000000a0000000,0x00000000a11cb528,0x00000000a3f80000)
 Metaspace       used 43007K, capacity 43976K, committed 44160K, reserved 1087488K
  class space    used 5774K, capacity 5992K, committed 6016K, reserved 1048576K
}

