# JRE version: OpenJDK Runtime Environment (8.0_112-b06) (build 1.8.0_112-release-b06)
# Java VM: OpenJDK 64-Bit Server VM (25.112-b06 mixed mode windows-amd64 compressed oops)
Heap:
 PSYoungGen      total 38912K, used 5246K [0x00000000e0000000, 0x00000000e2c00000, 0x0000000100000000)
  eden space 32768K, 1% used [0x00000000e0000000,0x00000000e00786a0,0x00000000e2000000)
  from space 6144K, 77% used [0x00000000e2600000,0x00000000e2aa7260,0x00000000e2c00000)
  to   space 6144K, 0% used [0x00000000e2000000,0x00000000e2000000,0x00000000e2600000)
 ParOldGen       total 44032K, used 7109K [0x00000000a0000000, 0x00000000a2b00000, 0x00000000e0000000)
  object space 44032K, 16% used [0x00000000a0000000,0x00000000a06f14f0,0x00000000a2b00000)
 Metaspace       used 16815K, capacity 17222K, committed 17408K, reserved 1064960K
  class space    used 2334K, capacity 2464K, committed 2560K, reserved 1048576K
GC Heap History (10 events):
Event: 1.033 GC heap before
{Heap before GC invocations=2 (full 0):
 PSYoungGen      total 18944K, used 18670K [0x00000000e0000000, 0x00000000e1500000, 0x0000000100000000)
  eden space 16384K, 98% used [0x00000000e0000000,0x00000000e0fc2af0,0x00000000e1000000)
  from space 2560K, 98% used [0x00000000e1000000,0x00000000e1279098,0x00000000e1280000)
  to   space 2560K, 0% used [0x00000000e1280000,0x00000000e1280000,0x00000000e1500000)
 ParOldGen       total 44032K, used 863K [0x00000000a0000000, 0x00000000a2b00000, 0x00000000e0000000)
  object space 44032K, 1% used [0x00000000a0000000,0x00000000a00d7e38,0x00000000a2b00000)
 Metaspace       used 6861K, capacity 7084K, committed 7296K, reserved 1056768K
  class space    used 836K, capacity 892K, committed 896K, reserved 1048576K
Event: 1.038 GC heap after
Heap after GC invocations=2 (full 0):
 PSYoungGen      total 18944K, used 2540K [0x00000000e0000000, 0x00000000e1500000, 0x0000000100000000)
  eden space 16384K, 0% used [0x00000000e0000000,0x00000000e0000000,0x00000000e1000000)
  from space 2560K, 99% used [0x00000000e1280000,0x00000000e14fb278,0x00000000e1500000)
  to   space 2560K, 0% used [0x00000000e1000000,0x00000000e1000000,0x00000000e1280000)
 ParOldGen       total 44032K, used 1089K [0x00000000a0000000, 0x00000000a2b00000, 0x00000000e0000000)
  object space 44032K, 2% used [0x00000000a0000000,0x00000000a01104d0,0x00000000a2b00000)
 Metaspace       used 6861K, capacity 7084K, committed 7296K, reserved 1056768K
  class space    used 836K, capacity 892K, committed 896K, reserved 1048576K
}
Event: 1.711 GC heap before
{Heap before GC invocations=3 (full 0):
 PSYoungGen      total 18944K, used 18924K [0x00000000e0000000, 0x00000000e1500000, 0x0000000100000000)
  eden space 16384K, 100% used [0x00000000e0000000,0x00000000e1000000,0x00000000e1000000)
  from space 2560K, 99% used [0x00000000e1280000,0x00000000e14fb278,0x00000000e1500000)
  to   space 2560K, 0% used [0x00000000e1000000,0x00000000e1000000,0x00000000e1280000)
 ParOldGen       total 44032K, used 1089K [0x00000000a0000000, 0x00000000a2b00000, 0x00000000e0000000)
  object space 44032K, 2% used [0x00000000a0000000,0x00000000a01104d0,0x00000000a2b00000)
 Metaspace       used 8980K, capacity 9162K, committed 9472K, reserved 1056768K
  class space    used 1142K, capacity 1221K, committed 1280K, reserved 1048576K
Event: 1.719 GC heap after
Heap after GC invocations=3 (full 0):
 PSYoungGen      total 18944K, used 2536K [0x00000000e0000000, 0x00000000e1500000, 0x0000000100000000)
  eden space 16384K, 0% used [0x00000000e0000000,0x00000000e0000000,0x00000000e1000000)
  from space 2560K, 99% used [0x00000000e1000000,0x00000000e127a040,0x00000000e1280000)
  to   space 2560K, 0% used [0x00000000e1280000,0x00000000e1280000,0x00000000e1500000)
 ParOldGen       total 44032K, used 2546K [0x00000000a0000000, 0x00000000a2b00000, 0x00000000e0000000)
  object space 44032K, 5% used [0x00000000a0000000,0x00000000a027ca98,0x00000000a2b00000)
 Metaspace       used 8980K, capacity 9162K, committed 9472K, reserved 1056768K
  class space    used 1142K, capacity 1221K, committed 1280K, reserved 1048576K
}
Event: 4.044 GC heap before
{Heap before GC invocations=4 (full 0):
 PSYoungGen      total 18944K, used 18920K [0x00000000e0000000, 0x00000000e1500000, 0x0000000100000000)
  eden space 16384K, 100% used [0x00000000e0000000,0x00000000e1000000,0x00000000e1000000)
  from space 2560K, 99% used [0x00000000e1000000,0x00000000e127a040,0x00000000e1280000)
  to   space 2560K, 0% used [0x00000000e1280000,0x00000000e1280000,0x00000000e1500000)
 ParOldGen       total 44032K, used 2546K [0x00000000a0000000, 0x00000000a2b00000, 0x00000000e0000000)
  object space 44032K, 5% used [0x00000000a0000000,0x00000000a027ca98,0x00000000a2b00000)
 Metaspace       used 13222K, capacity 13578K, committed 13696K, reserved 1060864K
  class space    used 1752K, capacity 1874K, committed 1920K, reserved 1048576K
Event: 4.049 GC heap after
Heap after GC invocations=4 (full 0):
 PSYoungGen      total 18944K, used 2536K [0x00000000e0000000, 0x00000000e1500000, 0x0000000100000000)
  eden space 16384K, 0% used [0x00000000e0000000,0x00000000e0000000,0x00000000e1000000)
  from space 2560K, 99% used [0x00000000e1280000,0x00000000e14fa020,0x00000000e1500000)
  to   space 2560K, 0% used [0x00000000e1000000,0x00000000e1000000,0x00000000e1280000)
 ParOldGen       total 44032K, used 4898K [0x00000000a0000000, 0x00000000a2b00000, 0x00000000e0000000)
  object space 44032K, 11% used [0x00000000a0000000,0x00000000a04c8b70,0x00000000a2b00000)
 Metaspace       used 13222K, capacity 13578K, committed 13696K, reserved 1060864K
  class space    used 1752K, capacity 1874K, committed 1920K, reserved 1048576K
}
Event: 4.235 GC heap before
{Heap before GC invocations=5 (full 0):
 PSYoungGen      total 18944K, used 18920K [0x00000000e0000000, 0x00000000e1500000, 0x0000000100000000)
  eden space 16384K, 100% used [0x00000000e0000000,0x00000000e1000000,0x00000000e1000000)
  from space 2560K, 99% used [0x00000000e1280000,0x00000000e14fa020,0x00000000e1500000)
  to   space 2560K, 0% used [0x00000000e1000000,0x00000000e1000000,0x00000000e1280000)
 ParOldGen       total 44032K, used 4898K [0x00000000a0000000, 0x00000000a2b00000, 0x00000000e0000000)
  object space 44032K, 11% used [0x00000000a0000000,0x00000000a04c8b70,0x00000000a2b00000)
 Metaspace       used 14710K, capacity 15018K, committed 15232K, reserved 1062912K
  class space    used 1998K, capacity 2098K, committed 2176K, reserved 1048576K
Event: 4.241 GC heap after
Heap after GC invocations=5 (full 0):
 PSYoungGen      total 18944K, used 2552K [0x00000000e0000000, 0x00000000e2c00000, 0x0000000100000000)
  eden space 16384K, 0% used [0x00000000e0000000,0x00000000e0000000,0x00000000e1000000)
  from space 2560K, 99% used [0x00000000e1000000,0x00000000e127e010,0x00000000e1280000)
  to   space 6144K, 0% used [0x00000000e2600000,0x00000000e2600000,0x00000000e2c00000)
 ParOldGen       total 44032K, used 7101K [0x00000000a0000000, 0x00000000a2b00000, 0x00000000e0000000)
  object space 44032K, 16% used [0x00000000a0000000,0x00000000a06ef4f0,0x00000000a2b00000)
 Metaspace       used 14710K, capacity 15018K, committed 15232K, reserved 1062912K
  class space    used 1998K, capacity 2098K, committed 2176K, reserved 1048576K
}
Event: 4.849 GC heap before
{Heap before GC invocations=6 (full 0):
 PSYoungGen      total 18944K, used 18936K [0x00000000e0000000, 0x00000000e2c00000, 0x0000000100000000)
  eden space 16384K, 100% used [0x00000000e0000000,0x00000000e1000000,0x00000000e1000000)
  from space 2560K, 99% used [0x00000000e1000000,0x00000000e127e010,0x00000000e1280000)
  to   space 6144K, 0% used [0x00000000e2600000,0x00000000e2600000,0x00000000e2c00000)
 ParOldGen       total 44032K, used 7101K [0x00000000a0000000, 0x00000000a2b00000, 0x00000000e0000000)
  object space 44032K, 16% used [0x00000000a0000000,0x00000000a06ef4f0,0x00000000a2b00000)
 Metaspace       used 16733K, capacity 17126K, committed 17280K, reserved 1064960K
  class space    used 2321K, capacity 2432K, committed 2432K, reserved 1048576K
Event: 4.857 GC heap after
Heap after GC invocations=6 (full 0):
 PSYoungGen      total 38912K, used 4764K [0x00000000e0000000, 0x00000000e2c00000, 0x0000000100000000)
  eden space 32768K, 0% used [0x00000000e0000000,0x00000000e0000000,0x00000000e2000000)
  from space 6144K, 77% used [0x00000000e2600000,0x00000000e2aa7260,0x00000000e2c00000)
  to   space 6144K, 0% used [0x00000000e2000000,0x00000000e2000000,0x00000000e2600000)
 ParOldGen       total 44032K, used 7109K [0x00000000a0000000, 0x00000000a2b00000, 0x00000000e0000000)
  object space 44032K, 16% used [0x00000000a0000000,0x00000000a06f14f0,0x00000000a2b00000)
 Metaspace       used 16733K, capacity 17126K, committed 17280K, reserved 1064960K
  class space    used 2321K, capacity 2432K, committed 2432K, reserved 1048576K
}

