# JRE version: OpenJDK Runtime Environment (8.0_112-b06) (build 1.8.0_112-release-b06)
# Java VM: OpenJDK 64-Bit Server VM (25.112-b06 mixed mode windows-amd64 compressed oops)
Heap:
 PSYoungGen      total 96768K, used 83757K [0x00000000e0000000, 0x00000000e6980000, 0x0000000100000000)
  eden space 86528K, 87% used [0x00000000e0000000,0x00000000e4a0a440,0x00000000e5480000)
  from space 10240K, 77% used [0x00000000e5f00000,0x00000000e66c1080,0x00000000e6900000)
  to   space 10752K, 0% used [0x00000000e5480000,0x00000000e5480000,0x00000000e5f00000)
 ParOldGen       total 54272K, used 17037K [0x00000000a0000000, 0x00000000a3500000, 0x00000000e0000000)
  object space 54272K, 31% used [0x00000000a0000000,0x00000000a10a3570,0x00000000a3500000)
 Metaspace       used 44732K, capacity 45828K, committed 45952K, reserved 1089536K
  class space    used 5970K, capacity 6209K, committed 6272K, reserved 1048576K
GC Heap History (10 events):
Event: 5.290 GC heap before
{Heap before GC invocations=10 (full 1):
 PSYoungGen      total 55296K, used 54858K [0x00000000e0000000, 0x00000000e4c80000, 0x0000000100000000)
  eden space 50176K, 100% used [0x00000000e0000000,0x00000000e3100000,0x00000000e3100000)
  from space 5120K, 91% used [0x00000000e4780000,0x00000000e4c12930,0x00000000e4c80000)
  to   space 7168K, 0% used [0x00000000e3e80000,0x00000000e3e80000,0x00000000e4580000)
 ParOldGen       total 36864K, used 9030K [0x00000000a0000000, 0x00000000a2400000, 0x00000000e0000000)
  object space 36864K, 24% used [0x00000000a0000000,0x00000000a08d1850,0x00000000a2400000)
 Metaspace       used 28257K, capacity 28676K, committed 28928K, reserved 1075200K
  class space    used 3882K, capacity 4017K, committed 4096K, reserved 1048576K
Event: 5.297 GC heap after
Heap after GC invocations=10 (full 1):
 PSYoungGen      total 71168K, used 6672K [0x00000000e0000000, 0x00000000e4e80000, 0x0000000100000000)
  eden space 64000K, 0% used [0x00000000e0000000,0x00000000e0000000,0x00000000e3e80000)
  from space 7168K, 93% used [0x00000000e3e80000,0x00000000e45043a8,0x00000000e4580000)
  to   space 7680K, 0% used [0x00000000e4700000,0x00000000e4700000,0x00000000e4e80000)
 ParOldGen       total 36864K, used 9102K [0x00000000a0000000, 0x00000000a2400000, 0x00000000e0000000)
  object space 36864K, 24% used [0x00000000a0000000,0x00000000a08e3860,0x00000000a2400000)
 Metaspace       used 28257K, capacity 28676K, committed 28928K, reserved 1075200K
  class space    used 3882K, capacity 4017K, committed 4096K, reserved 1048576K
}
Event: 7.418 GC heap before
{Heap before GC invocations=11 (full 1):
 PSYoungGen      total 71168K, used 70672K [0x00000000e0000000, 0x00000000e4e80000, 0x0000000100000000)
  eden space 64000K, 100% used [0x00000000e0000000,0x00000000e3e80000,0x00000000e3e80000)
  from space 7168K, 93% used [0x00000000e3e80000,0x00000000e45043a8,0x00000000e4580000)
  to   space 7680K, 0% used [0x00000000e4700000,0x00000000e4700000,0x00000000e4e80000)
 ParOldGen       total 36864K, used 9102K [0x00000000a0000000, 0x00000000a2400000, 0x00000000e0000000)
  object space 36864K, 24% used [0x00000000a0000000,0x00000000a08e3860,0x00000000a2400000)
 Metaspace       used 31384K, capacity 31914K, committed 32128K, reserved 1077248K
  class space    used 4216K, capacity 4375K, committed 4480K, reserved 1048576K
Event: 7.434 GC heap after
Heap after GC invocations=11 (full 1):
 PSYoungGen      total 71680K, used 7629K [0x00000000e0000000, 0x00000000e6080000, 0x0000000100000000)
  eden space 64000K, 0% used [0x00000000e0000000,0x00000000e0000000,0x00000000e3e80000)
  from space 7680K, 99% used [0x00000000e4700000,0x00000000e4e737a8,0x00000000e4e80000)
  to   space 8704K, 0% used [0x00000000e3e80000,0x00000000e3e80000,0x00000000e4700000)
 ParOldGen       total 36864K, used 9110K [0x00000000a0000000, 0x00000000a2400000, 0x00000000e0000000)
  object space 36864K, 24% used [0x00000000a0000000,0x00000000a08e5860,0x00000000a2400000)
 Metaspace       used 31384K, capacity 31914K, committed 32128K, reserved 1077248K
  class space    used 4216K, capacity 4375K, committed 4480K, reserved 1048576K
}
Event: 8.397 GC heap before
{Heap before GC invocations=12 (full 1):
 PSYoungGen      total 71680K, used 62220K [0x00000000e0000000, 0x00000000e6080000, 0x0000000100000000)
  eden space 64000K, 85% used [0x00000000e0000000,0x00000000e354fb08,0x00000000e3e80000)
  from space 7680K, 99% used [0x00000000e4700000,0x00000000e4e737a8,0x00000000e4e80000)
  to   space 8704K, 0% used [0x00000000e3e80000,0x00000000e3e80000,0x00000000e4700000)
 ParOldGen       total 36864K, used 9110K [0x00000000a0000000, 0x00000000a2400000, 0x00000000e0000000)
  object space 36864K, 24% used [0x00000000a0000000,0x00000000a08e5860,0x00000000a2400000)
 Metaspace       used 34714K, capacity 35340K, committed 35496K, reserved 1079296K
  class space    used 4634K, capacity 4814K, committed 4864K, reserved 1048576K
Event: 8.465 GC heap after
Heap after GC invocations=12 (full 1):
 PSYoungGen      total 72704K, used 8703K [0x00000000e0000000, 0x00000000e6900000, 0x0000000100000000)
  eden space 64000K, 0% used [0x00000000e0000000,0x00000000e0000000,0x00000000e3e80000)
  from space 8704K, 99% used [0x00000000e3e80000,0x00000000e46fffe8,0x00000000e4700000)
  to   space 10240K, 0% used [0x00000000e5f00000,0x00000000e5f00000,0x00000000e6900000)
 ParOldGen       total 36864K, used 10632K [0x00000000a0000000, 0x00000000a2400000, 0x00000000e0000000)
  object space 36864K, 28% used [0x00000000a0000000,0x00000000a0a62108,0x00000000a2400000)
 Metaspace       used 34714K, capacity 35340K, committed 35496K, reserved 1079296K
  class space    used 4634K, capacity 4814K, committed 4864K, reserved 1048576K
}
Event: 8.465 GC heap before
{Heap before GC invocations=13 (full 2):
 PSYoungGen      total 72704K, used 8703K [0x00000000e0000000, 0x00000000e6900000, 0x0000000100000000)
  eden space 64000K, 0% used [0x00000000e0000000,0x00000000e0000000,0x00000000e3e80000)
  from space 8704K, 99% used [0x00000000e3e80000,0x00000000e46fffe8,0x00000000e4700000)
  to   space 10240K, 0% used [0x00000000e5f00000,0x00000000e5f00000,0x00000000e6900000)
 ParOldGen       total 36864K, used 10632K [0x00000000a0000000, 0x00000000a2400000, 0x00000000e0000000)
  object space 36864K, 28% used [0x00000000a0000000,0x00000000a0a62108,0x00000000a2400000)
 Metaspace       used 34714K, capacity 35340K, committed 35496K, reserved 1079296K
  class space    used 4634K, capacity 4814K, committed 4864K, reserved 1048576K
Event: 8.553 GC heap after
Heap after GC invocations=13 (full 2):
 PSYoungGen      total 72704K, used 0K [0x00000000e0000000, 0x00000000e6900000, 0x0000000100000000)
  eden space 64000K, 0% used [0x00000000e0000000,0x00000000e0000000,0x00000000e3e80000)
  from space 8704K, 0% used [0x00000000e3e80000,0x00000000e3e80000,0x00000000e4700000)
  to   space 10240K, 0% used [0x00000000e5f00000,0x00000000e5f00000,0x00000000e6900000)
 ParOldGen       total 54272K, used 17029K [0x00000000a0000000, 0x00000000a3500000, 0x00000000e0000000)
  object space 54272K, 31% used [0x00000000a0000000,0x00000000a10a1570,0x00000000a3500000)
 Metaspace       used 34714K, capacity 35340K, committed 35496K, reserved 1079296K
  class space    used 4634K, capacity 4814K, committed 4864K, reserved 1048576K
}
Event: 10.654 GC heap before
{Heap before GC invocations=14 (full 2):
 PSYoungGen      total 72704K, used 64000K [0x00000000e0000000, 0x00000000e6900000, 0x0000000100000000)
  eden space 64000K, 100% used [0x00000000e0000000,0x00000000e3e80000,0x00000000e3e80000)
  from space 8704K, 0% used [0x00000000e3e80000,0x00000000e3e80000,0x00000000e4700000)
  to   space 10240K, 0% used [0x00000000e5f00000,0x00000000e5f00000,0x00000000e6900000)
 ParOldGen       total 54272K, used 17029K [0x00000000a0000000, 0x00000000a3500000, 0x00000000e0000000)
  object space 54272K, 31% used [0x00000000a0000000,0x00000000a10a1570,0x00000000a3500000)
 Metaspace       used 39932K, capacity 40828K, committed 40960K, reserved 1085440K
  class space    used 5386K, capacity 5607K, committed 5632K, reserved 1048576K
Event: 10.697 GC heap after
Heap after GC invocations=14 (full 2):
 PSYoungGen      total 96768K, used 7940K [0x00000000e0000000, 0x00000000e6980000, 0x0000000100000000)
  eden space 86528K, 0% used [0x00000000e0000000,0x00000000e0000000,0x00000000e5480000)
  from space 10240K, 77% used [0x00000000e5f00000,0x00000000e66c1080,0x00000000e6900000)
  to   space 10752K, 0% used [0x00000000e5480000,0x00000000e5480000,0x00000000e5f00000)
 ParOldGen       total 54272K, used 17037K [0x00000000a0000000, 0x00000000a3500000, 0x00000000e0000000)
  object space 54272K, 31% used [0x00000000a0000000,0x00000000a10a3570,0x00000000a3500000)
 Metaspace       used 39932K, capacity 40828K, committed 40960K, reserved 1085440K
  class space    used 5386K, capacity 5607K, committed 5632K, reserved 1048576K
}

